
Friday 12th of May 2023 07:48:27 AM | product_id: 473 | zoho_item_id: 2174762000003567120 | request type: UPDATE | status: success | Item details have been saved.
Friday 12th of May 2023 07:49:08 AM | product_id: 473 | zoho_item_id: 2174762000003567120 | request type: UPDATE | status: success | Item details have been saved.
Friday 12th of May 2023 13:19:10 PM | product_id: 2165 | zoho_item_id: 2174762000003581019 | request type: UPDATE | status: success | Item details have been saved.
Friday 12th of May 2023 13:19:11 PM | product_id: 2705 | zoho_item_id: 2174762000003570019 | request type: UPDATE | status: success | Item details have been saved.
Friday 12th of May 2023 13:19:12 PM | product_id: 2908 | zoho_item_id: 2174762000003569030 | request type: UPDATE | status: success | Item details have been saved.
Friday 12th of May 2023 13:19:13 PM | product_id: 3937 | zoho_item_id: 2174762000003570037 | request type: UPDATE | status: failed | This item cannot be edited as it does not exist.
Friday 12th of May 2023 07:52:34 AM | product_id: 473 | zoho_item_id: 2174762000003567120 | request type: UPDATE | status: success | Item details have been saved.
Friday 12th of May 2023 13:22:35 PM | product_id: 2165 | zoho_item_id: 2174762000003581019 | request type: UPDATE | status: success | Item details have been saved.
Friday 12th of May 2023 13:22:37 PM | product_id: 2705 | zoho_item_id: 2174762000003570019 | request type: UPDATE | status: success | Item details have been saved.
Friday 12th of May 2023 13:22:38 PM | product_id: 2908 | zoho_item_id: 2174762000003569030 | request type: UPDATE | status: success | Item details have been saved.
Friday 12th of May 2023 13:22:39 PM | product_id: 3937 | zoho_item_id: 2174762000003570037 | request type: UPDATE | status: failed | This item cannot be edited as it does not exist.
Friday 12th of May 2023 07:54:54 AM | product_id: 1837 | zoho_item_id: 2174762000003569048 | request type: UPDATE | status: failed | This item cannot be edited as it does not exist.
Friday 12th of May 2023 13:24:56 PM | product_id: 1841 | zoho_item_id: 2174762000003567159 | request type: UPDATE | status: failed | This item cannot be edited as it does not exist.
Friday 12th of May 2023 13:24:57 PM | product_id: 3937 | zoho_item_id: 2174762000003570037 | request type: UPDATE | status: failed | This item cannot be edited as it does not exist.
Friday 12th of May 2023 07:55:50 AM | product_id: 473 | zoho_item_id: 2174762000003598001 | request type: INSERT | status: success | The item has been added.
Friday 12th of May 2023 13:25:51 PM | product_id: 1837 | zoho_item_id: 2174762000003569048 | request type: UPDATE | status: failed | This item cannot be edited as it does not exist.
Friday 12th of May 2023 13:25:52 PM | product_id: 1841 | zoho_item_id: 2174762000003567159 | request type: UPDATE | status: failed | This item cannot be edited as it does not exist.
Friday 12th of May 2023 13:25:54 PM | product_id: 2165 | zoho_item_id: 2174762000003599001 | request type: INSERT | status: success | The item has been added.
Friday 12th of May 2023 13:25:55 PM | product_id: 2705 | zoho_item_id: 2174762000003570019 | request type: UPDATE | status: success | Item details have been saved.
Friday 12th of May 2023 13:25:56 PM | product_id: 2908 | zoho_item_id: 2174762000003569030 | request type: UPDATE | status: success | Item details have been saved.
Friday 12th of May 2023 13:25:57 PM | product_id: 3937 | zoho_item_id: 2174762000003570037 | request type: UPDATE | status: failed | This item cannot be edited as it does not exist.
Friday 12th of May 2023 13:25:58 PM | product_id: 7701 | zoho_item_id: 2174762000003584001 | request type: UPDATE | status: success | Item details have been saved.
Friday 12th of May 2023 07:56:52 AM | product_id: 1837 | zoho_item_id: 2174762000003569048 | request type: UPDATE | status: failed | This item cannot be edited as it does not exist.
Friday 12th of May 2023 13:26:54 PM | product_id: 2165 | zoho_item_id: 2174762000003599001 | request type: UPDATE | status: success | Item details have been saved.
Friday 12th of May 2023 13:26:55 PM | product_id: 2705 | zoho_item_id: 2174762000003570019 | request type: UPDATE | status: success | Item details have been saved.
Friday 12th of May 2023 13:26:56 PM | product_id: 2908 | zoho_item_id: 2174762000003569030 | request type: UPDATE | status: success | Item details have been saved.
Friday 12th of May 2023 13:26:57 PM | product_id: 3937 | zoho_item_id: 2174762000003570037 | request type: UPDATE | status: failed | This item cannot be edited as it does not exist.
Friday 12th of May 2023 07:57:01 AM | product_id: 473 | zoho_item_id: 2174762000003598001 | request type: UPDATE | status: success | Item details have been saved.
Friday 12th of May 2023 13:27:02 PM | product_id: 1841 | zoho_item_id: 2174762000003567159 | request type: UPDATE | status: failed | This item cannot be edited as it does not exist.
Friday 12th of May 2023 13:27:05 PM | product_id: 3937 | zoho_item_id: 2174762000003570037 | request type: UPDATE | status: failed | This item cannot be edited as it does not exist.
Friday 12th of May 2023 07:58:31 AM | product_id: 2165 | zoho_item_id: 2174762000003599001 | request type: UPDATE | status: success | Item details have been saved.
Friday 12th of May 2023 13:28:33 PM | product_id: 3937 | zoho_item_id: 2174762000003600001 | request type: INSERT | status: success | The item has been added.
Friday 12th of May 2023 13:28:34 PM | product_id: 7701 | zoho_item_id: 2174762000003584001 | request type: UPDATE | status: success | Item details have been saved.
Friday 12th of May 2023 08:02:49 AM | product_id: 1837 | zoho_item_id: 2174762000003569048 | request type: UPDATE | status: failed | This item cannot be edited as it does not exist.
Friday 12th of May 2023 13:32:50 PM | product_id: 1841 | zoho_item_id: 2174762000003567159 | request type: UPDATE | status: failed | This item cannot be edited as it does not exist.
Friday 12th of May 2023 08:30:55 AM | product_id: 473 | zoho_item_id: 2174762000003598001 | request type: UPDATE | status: success | Item details have been saved.
Friday 12th of May 2023 14:00:56 PM | product_id: 2165 | zoho_item_id: 2174762000003599001 | request type: UPDATE | status: success | Item details have been saved.
Friday 12th of May 2023 08:32:18 AM | product_id: 473 | zoho_item_id: 2174762000003598001 | request type: UPDATE | status: success | Item details have been saved.
Friday 12th of May 2023 14:02:19 PM | product_id: 2165 | zoho_item_id: 2174762000003599001 | request type: UPDATE | status: success | Item details have been saved.
Friday 12th of May 2023 14:02:20 PM | product_id: 2705 | zoho_item_id: 2174762000003570019 | request type: UPDATE | status: success | Item details have been saved.
Friday 12th of May 2023 14:02:22 PM | product_id: 2908 | zoho_item_id: 2174762000003569030 | request type: UPDATE | status: success | Item details have been saved.
Friday 12th of May 2023 14:02:23 PM | product_id: 7701 | zoho_item_id: 2174762000003584001 | request type: UPDATE | status: success | Item details have been saved.
Friday 12th of May 2023 14:02:24 PM | product_id: 7981 | zoho_item_id: 2174762000003576034 | request type: UPDATE | status: success | Item details have been saved.
Friday 12th of May 2023 08:33:55 AM | product_id: 473 | zoho_item_id:  | request type: INSERT | status: failed | Item "2.7nF/ 0.0027uF/100v 2A272J Polyester Film Capacitor (Pack of 10)" already exists.
Friday 12th of May 2023 14:03:57 PM | product_id: 2165 | zoho_item_id: 2174762000003599001 | request type: UPDATE | status: success | Item details have been saved.
Friday 12th of May 2023 08:34:46 AM | product_id: 473 | zoho_item_id: 2174762000003599010 | request type: INSERT | status: success | The item has been added.
Friday 12th of May 2023 14:04:48 PM | product_id: 2165 | zoho_item_id: 2174762000003599001 | request type: UPDATE | status: success | Item details have been saved.
Friday 12th of May 2023 08:35:02 AM | product_id: 473 | zoho_item_id: 2174762000003599010 | request type: UPDATE | status: success | Item details have been saved.
Friday 12th of May 2023 14:05:03 PM | product_id: 2165 | zoho_item_id: 2174762000003599001 | request type: UPDATE | status: success | Item details have been saved.
Friday 12th of May 2023 08:36:17 AM | product_id: 473 | zoho_item_id: 2174762000003599010 | request type: UPDATE | status: success | Item details have been saved.
Friday 12th of May 2023 14:06:18 PM | product_id: 2165 | zoho_item_id: 2174762000003599001 | request type: UPDATE | status: success | Item details have been saved.
Friday 12th of May 2023 14:06:20 PM | product_id: 2705 | zoho_item_id: 2174762000003570019 | request type: UPDATE | status: success | Item details have been saved.
Friday 12th of May 2023 14:06:21 PM | product_id: 2908 | zoho_item_id: 2174762000003569030 | request type: UPDATE | status: success | Item details have been saved.
Friday 12th of May 2023 14:06:22 PM | product_id: 7701 | zoho_item_id: 2174762000003584001 | request type: UPDATE | status: success | Item details have been saved.
Friday 12th of May 2023 09:12:14 AM | product_id: 473 | zoho_item_id: 2174762000003599010 | request type: UPDATE | status: success | Item details have been saved.
Friday 12th of May 2023 14:42:15 PM | product_id: 2165 | zoho_item_id: 2174762000003599001 | request type: UPDATE | status: success | Item details have been saved.
Friday 12th of May 2023 14:42:16 PM | product_id: 2705 | zoho_item_id: 2174762000003570019 | request type: UPDATE | status: success | Item details have been saved.
Friday 12th of May 2023 14:42:17 PM | product_id: 2908 | zoho_item_id: 2174762000003569030 | request type: UPDATE | status: success | Item details have been saved.
Friday 12th of May 2023 14:42:18 PM | product_id: 7701 | zoho_item_id: 2174762000003584001 | request type: UPDATE | status: success | Item details have been saved.
Friday 12th of May 2023 10:05:22 AM | product_id: 473 | zoho_item_id: 2174762000003599010 | request type: UPDATE | status: failed | This item cannot be edited as it does not exist.
Friday 12th of May 2023 15:35:23 PM | product_id: 1837 | zoho_item_id: 2174762000003613001 | request type: INSERT | status: success | The item has been added.
Friday 12th of May 2023 15:35:24 PM | product_id: 1841 | zoho_item_id: 2174762000003600010 | request type: INSERT | status: success | The item has been added.
Friday 12th of May 2023 15:35:25 PM | product_id: 1854 | zoho_item_id: 2174762000003570028 | request type: UPDATE | status: success | Item details have been saved.
Friday 12th of May 2023 15:35:26 PM | product_id: 2165 | zoho_item_id: 2174762000003599001 | request type: UPDATE | status: failed | This item cannot be edited as it does not exist.
Friday 12th of May 2023 15:35:27 PM | product_id: 2705 | zoho_item_id: 2174762000003570019 | request type: UPDATE | status: failed | This item cannot be edited as it does not exist.
Friday 12th of May 2023 15:35:28 PM | product_id: 2908 | zoho_item_id: 2174762000003569030 | request type: UPDATE | status: failed | This item cannot be edited as it does not exist.
Friday 12th of May 2023 15:35:30 PM | product_id: 7701 | zoho_item_id: 2174762000003584001 | request type: UPDATE | status: success | Item details have been saved.
Friday 12th of May 2023 15:35:31 PM | product_id: 7981 | zoho_item_id: 2174762000003576034 | request type: UPDATE | status: success | Item details have been saved.
Friday 12th of May 2023 10:06:36 AM | product_id: 473 | zoho_item_id: 2174762000003599010 | request type: UPDATE | status: failed | This item cannot be edited as it does not exist.
Friday 12th of May 2023 15:36:38 PM | product_id: 2165 | zoho_item_id: 2174762000003599001 | request type: UPDATE | status: failed | This item cannot be edited as it does not exist.
Friday 12th of May 2023 15:36:39 PM | product_id: 2705 | zoho_item_id: 2174762000003570019 | request type: UPDATE | status: failed | This item cannot be edited as it does not exist.
Friday 12th of May 2023 15:36:40 PM | product_id: 2908 | zoho_item_id: 2174762000003569030 | request type: UPDATE | status: failed | This item cannot be edited as it does not exist.
Friday 12th of May 2023 11:15:59 AM | product_id: 473 | zoho_item_id: 2174762000003607973 | request type: INSERT | status: success | The item has been added.
Friday 12th of May 2023 16:46:00 PM | product_id: 583 | zoho_item_id:  | request type: INSERT | status: failed | Item "Fan Blade for Arduino/Raspberry-Pi/Robotics" already exists.
Friday 12th of May 2023 16:46:01 PM | product_id: 659 | zoho_item_id:  | request type: INSERT | status: failed | Item "DS3231 AT24C32 IIC Module Precision Clock Module DS3231SN for Arduino Memory module" already exists.
Friday 12th of May 2023 16:46:02 PM | product_id: 3086 | zoho_item_id: 2174762000003567168 | request type: UPDATE | status: success | Item details have been saved.
Friday 12th of May 2023 16:46:03 PM | product_id: 3937 | zoho_item_id:  | request type: INSERT | status: failed | Item "Crystal Oscillator (SMD) MCSJK-6NC1-10.00-25-B-Oscillator" already exists.
Friday 12th of May 2023 11:17:49 AM | product_id: 583 | zoho_item_id:  | request type: INSERT | status: failed | Item "Fan Blade for Arduino/Raspberry-Pi/Robotics" already exists.
Friday 12th of May 2023 16:47:50 PM | product_id: 659 | zoho_item_id:  | request type: INSERT | status: failed | Item "DS3231 AT24C32 IIC Module Precision Clock Module DS3231SN for Arduino Memory module" already exists.
Friday 12th of May 2023 16:47:51 PM | product_id: 3937 | zoho_item_id:  | request type: INSERT | status: failed | Item "Crystal Oscillator (SMD) MCSJK-6NC1-10.00-25-B-Oscillator" already exists.
Friday 12th of May 2023 11:20:22 AM | product_id: 583 | zoho_item_id: 2174762000003598010 | request type: INSERT | status: success | The item has been added.
Friday 12th of May 2023 16:50:23 PM | product_id: 659 | zoho_item_id:  | request type: INSERT | status: failed | Item "DS3231 AT24C32 IIC Module Precision Clock Module DS3231SN for Arduino Memory module" already exists.
Friday 12th of May 2023 16:50:24 PM | product_id: 3937 | zoho_item_id: 2174762000003598019 | request type: INSERT | status: success | The item has been added.
Friday 12th of May 2023 11:20:58 AM | product_id: 659 | zoho_item_id: 2174762000003600795 | request type: INSERT | status: success | The item has been added.
Friday 12th of May 2023 12:24:32 PM | product_id: 473 | zoho_item_id: 2174762000003607973 | request type: UPDATE | status: success | Item details have been saved.